<?xml version="1.0" encoding="UTF-8"?>
<testsuite xmlns:xsi="http://www.w3.org/2001/XMLSchema-instance" xsi:noNamespaceSchemaLocation="https://maven.apache.org/surefire/maven-surefire-plugin/xsd/surefire-test-report-3.0.xsd" version="3.0" name="br.edu.infnet.exercicio1.CalculoIMCTest" time="0.252" tests="26" errors="0" skipped="0" failures="0">
  <properties>
[...]
</properties>
  <testcase name="testPesoNegativo" classname="br.edu.infnet.exercicio1.CalculoIMCTest" time="0.037"/>
  <testcase name="testLimiteObesidadeI" classname="br.edu.infnet.exercicio1.CalculoIMCTest" time="0.004"/>
  <testcase name="testCalcularIMC(double, double, double)[1]" classname="br.edu.infnet.exercicio1.CalculoIMCTest" time="0.042"/>
  <testcase name="testCalcularIMC(double, double, double)[2]" classname="br.edu.infnet.exercicio1.CalculoIMCTest" time="0.001"/>
  <testcase name="testCalcularIMC(double, double, double)[3]" classname="br.edu.infnet.exercicio1.CalculoIMCTest" time="0.002"/>
  <testcase name="testCalcularIMC(double, double, double)[4]" classname="br.edu.infnet.exercicio1.CalculoIMCTest" time="0.001"/>
  <testcase name="testCalcularIMC(double, double, double)[5]" classname="br.edu.infnet.exercicio1.CalculoIMCTest" time="0.001"/>
  <testcase name="testAlturaNegativa" classname="br.edu.infnet.exercicio1.CalculoIMCTest" time="0.001"/>
  <testcase name="testClassificarIMC(double, String)[1]" classname="br.edu.infnet.exercicio1.CalculoIMCTest" time="0.004"/>
  <testcase name="testClassificarIMC(double, String)[2]" classname="br.edu.infnet.exercicio1.CalculoIMCTest" time="0.0"/>
  <testcase name="testClassificarIMC(double, String)[3]" classname="br.edu.infnet.exercicio1.CalculoIMCTest" time="0.001"/>
  <testcase name="testClassificarIMC(double, String)[4]" classname="br.edu.infnet.exercicio1.CalculoIMCTest" time="0.002"/>
  <testcase name="testClassificarIMC(double, String)[5]" classname="br.edu.infnet.exercicio1.CalculoIMCTest" time="0.001"/>
  <testcase name="testClassificarIMC(double, String)[6]" classname="br.edu.infnet.exercicio1.CalculoIMCTest" time="0.0"/>
  <testcase name="testClassificarIMC(double, String)[7]" classname="br.edu.infnet.exercicio1.CalculoIMCTest" time="0.001"/>
  <testcase name="testClassificarIMC(double, String)[8]" classname="br.edu.infnet.exercicio1.CalculoIMCTest" time="0.002"/>
  <testcase name="testLimiteSaudavel" classname="br.edu.infnet.exercicio1.CalculoIMCTest" time="0.001"/>
  <testcase name="testAlturaZero" classname="br.edu.infnet.exercicio1.CalculoIMCTest" time="0.002"/>
  <testcase name="testLimiteMagrezaLeve" classname="br.edu.infnet.exercicio1.CalculoIMCTest" time="0.001"/>
  <testcase name="testLimiteObesidadeII" classname="br.edu.infnet.exercicio1.CalculoIMCTest" time="0.002"/>
  <testcase name="testLimiteInferiorMagrezaGrave" classname="br.edu.infnet.exercicio1.CalculoIMCTest" time="0.001"/>
  <testcase name="testIMCPesoMuitoBaixo" classname="br.edu.infnet.exercicio1.CalculoIMCTest" time="0.001"/>
  <testcase name="testLimiteSobrepeso" classname="br.edu.infnet.exercicio1.CalculoIMCTest" time="0.001"/>
  <testcase name="testLimiteObesidadeIII" classname="br.edu.infnet.exercicio1.CalculoIMCTest" time="0.001"/>
  <testcase name="testLimiteMagrezaModerada" classname="br.edu.infnet.exercicio1.CalculoIMCTest" time="0.001"/>
  <testcase name="testIMCPesoMuitoAlto" classname="br.edu.infnet.exercicio1.CalculoIMCTest" time="0.0"/>
</testsuite>